[2022-04-04 12:31:22] local.ERROR: Required @OA\Info() not found {"exception":"[object] (ErrorException(code: 0): Required @OA\\Info() not found at /application/vendor/zircote/swagger-php/src/Loggers/DefaultLogger.php:31)
[stacktrace]
#0 [internal function]: Illuminate\\Foundation\\Bootstrap\\HandleExceptions->handleError()
#1 /application/vendor/zircote/swagger-php/src/Loggers/DefaultLogger.php(31): trigger_error()
#2 /application/vendor/psr/log/Psr/Log/AbstractLogger.php(85): OpenApi\\Loggers\\DefaultLogger->log()
#3 /application/vendor/zircote/swagger-php/src/Annotations/AbstractAnnotation.php(467): Psr\\Log\\AbstractLogger->warning()
#4 /application/vendor/zircote/swagger-php/src/Annotations/OpenApi.php(148): OpenApi\\Annotations\\AbstractAnnotation->validate()
#5 /application/vendor/zircote/swagger-php/src/Analysis.php(438): OpenApi\\Annotations\\OpenApi->validate()
#6 /application/vendor/zircote/swagger-php/src/Generator.php(353): OpenApi\\Analysis->validate()
#7 /application/vendor/darkaonline/l5-swagger/src/Generator.php(189): OpenApi\\Generator->generate()
#8 /application/vendor/darkaonline/l5-swagger/src/Generator.php(130): L5Swagger\\Generator->scanFilesForDocumentation()
#9 /application/vendor/darkaonline/l5-swagger/src/Console/GenerateDocsCommand.php(72): L5Swagger\\Generator->generateDocs()
#10 /application/vendor/darkaonline/l5-swagger/src/Console/GenerateDocsCommand.php(58): L5Swagger\\Console\\GenerateDocsCommand->generateDocumentation()
#11 /application/vendor/laravel/framework/src/Illuminate/Container/BoundMethod.php(36): L5Swagger\\Console\\GenerateDocsCommand->handle()
#12 /application/vendor/laravel/framework/src/Illuminate/Container/Util.php(40): Illuminate\\Container\\BoundMethod::Illuminate\\Container\\{closure}()
#13 /application/vendor/laravel/framework/src/Illuminate/Container/BoundMethod.php(93): Illuminate\\Container\\Util::unwrapIfClosure()
#14 /application/vendor/laravel/framework/src/Illuminate/Container/BoundMethod.php(37): Illuminate\\Container\\BoundMethod::callBoundMethod()
#15 /application/vendor/laravel/framework/src/Illuminate/Container/Container.php(653): Illuminate\\Container\\BoundMethod::call()
#16 /application/vendor/laravel/framework/src/Illuminate/Console/Command.php(136): Illuminate\\Container\\Container->call()
#17 /application/vendor/symfony/console/Command/Command.php(298): Illuminate\\Console\\Command->execute()
#18 /application/vendor/laravel/framework/src/Illuminate/Console/Command.php(121): Symfony\\Component\\Console\\Command\\Command->run()
#19 /application/vendor/symfony/console/Application.php(1015): Illuminate\\Console\\Command->run()
#20 /application/vendor/symfony/console/Application.php(299): Symfony\\Component\\Console\\Application->doRunCommand()
#21 /application/vendor/symfony/console/Application.php(171): Symfony\\Component\\Console\\Application->doRun()
#22 /application/vendor/laravel/framework/src/Illuminate/Console/Application.php(94): Symfony\\Component\\Console\\Application->run()
#23 /application/vendor/laravel/framework/src/Illuminate/Foundation/Console/Kernel.php(129): Illuminate\\Console\\Application->run()
#24 /application/artisan(37): Illuminate\\Foundation\\Console\\Kernel->handle()
#25 {main}
"} 
[2022-04-04 12:33:59] local.ERROR: Required @OA\PathItem() not found {"exception":"[object] (ErrorException(code: 0): Required @OA\\PathItem() not found at /application/vendor/zircote/swagger-php/src/Loggers/DefaultLogger.php:31)
[stacktrace]
#0 [internal function]: Illuminate\\Foundation\\Bootstrap\\HandleExceptions->handleError()
#1 /application/vendor/zircote/swagger-php/src/Loggers/DefaultLogger.php(31): trigger_error()
#2 /application/vendor/psr/log/Psr/Log/AbstractLogger.php(85): OpenApi\\Loggers\\DefaultLogger->log()
#3 /application/vendor/zircote/swagger-php/src/Annotations/AbstractAnnotation.php(467): Psr\\Log\\AbstractLogger->warning()
#4 /application/vendor/zircote/swagger-php/src/Annotations/OpenApi.php(148): OpenApi\\Annotations\\AbstractAnnotation->validate()
#5 /application/vendor/zircote/swagger-php/src/Analysis.php(438): OpenApi\\Annotations\\OpenApi->validate()
#6 /application/vendor/zircote/swagger-php/src/Generator.php(353): OpenApi\\Analysis->validate()
#7 /application/vendor/darkaonline/l5-swagger/src/Generator.php(189): OpenApi\\Generator->generate()
#8 /application/vendor/darkaonline/l5-swagger/src/Generator.php(130): L5Swagger\\Generator->scanFilesForDocumentation()
#9 /application/vendor/darkaonline/l5-swagger/src/Console/GenerateDocsCommand.php(72): L5Swagger\\Generator->generateDocs()
#10 /application/vendor/darkaonline/l5-swagger/src/Console/GenerateDocsCommand.php(58): L5Swagger\\Console\\GenerateDocsCommand->generateDocumentation()
#11 /application/vendor/laravel/framework/src/Illuminate/Container/BoundMethod.php(36): L5Swagger\\Console\\GenerateDocsCommand->handle()
#12 /application/vendor/laravel/framework/src/Illuminate/Container/Util.php(40): Illuminate\\Container\\BoundMethod::Illuminate\\Container\\{closure}()
#13 /application/vendor/laravel/framework/src/Illuminate/Container/BoundMethod.php(93): Illuminate\\Container\\Util::unwrapIfClosure()
#14 /application/vendor/laravel/framework/src/Illuminate/Container/BoundMethod.php(37): Illuminate\\Container\\BoundMethod::callBoundMethod()
#15 /application/vendor/laravel/framework/src/Illuminate/Container/Container.php(653): Illuminate\\Container\\BoundMethod::call()
#16 /application/vendor/laravel/framework/src/Illuminate/Console/Command.php(136): Illuminate\\Container\\Container->call()
#17 /application/vendor/symfony/console/Command/Command.php(298): Illuminate\\Console\\Command->execute()
#18 /application/vendor/laravel/framework/src/Illuminate/Console/Command.php(121): Symfony\\Component\\Console\\Command\\Command->run()
#19 /application/vendor/symfony/console/Application.php(1015): Illuminate\\Console\\Command->run()
#20 /application/vendor/symfony/console/Application.php(299): Symfony\\Component\\Console\\Application->doRunCommand()
#21 /application/vendor/symfony/console/Application.php(171): Symfony\\Component\\Console\\Application->doRun()
#22 /application/vendor/laravel/framework/src/Illuminate/Console/Application.php(94): Symfony\\Component\\Console\\Application->run()
#23 /application/vendor/laravel/framework/src/Illuminate/Foundation/Console/Kernel.php(129): Illuminate\\Console\\Application->run()
#24 /application/artisan(37): Illuminate\\Foundation\\Console\\Kernel->handle()
#25 {main}
"} 
[2022-04-04 12:37:58] local.ERROR: Required @OA\PathItem() not found {"exception":"[object] (ErrorException(code: 0): Required @OA\\PathItem() not found at /application/vendor/zircote/swagger-php/src/Loggers/DefaultLogger.php:31)
[stacktrace]
#0 [internal function]: Illuminate\\Foundation\\Bootstrap\\HandleExceptions->handleError()
#1 /application/vendor/zircote/swagger-php/src/Loggers/DefaultLogger.php(31): trigger_error()
#2 /application/vendor/psr/log/Psr/Log/AbstractLogger.php(85): OpenApi\\Loggers\\DefaultLogger->log()
#3 /application/vendor/zircote/swagger-php/src/Annotations/AbstractAnnotation.php(467): Psr\\Log\\AbstractLogger->warning()
#4 /application/vendor/zircote/swagger-php/src/Annotations/OpenApi.php(148): OpenApi\\Annotations\\AbstractAnnotation->validate()
#5 /application/vendor/zircote/swagger-php/src/Analysis.php(438): OpenApi\\Annotations\\OpenApi->validate()
#6 /application/vendor/zircote/swagger-php/src/Generator.php(353): OpenApi\\Analysis->validate()
#7 /application/vendor/darkaonline/l5-swagger/src/Generator.php(189): OpenApi\\Generator->generate()
#8 /application/vendor/darkaonline/l5-swagger/src/Generator.php(130): L5Swagger\\Generator->scanFilesForDocumentation()
#9 /application/vendor/darkaonline/l5-swagger/src/Console/GenerateDocsCommand.php(72): L5Swagger\\Generator->generateDocs()
#10 /application/vendor/darkaonline/l5-swagger/src/Console/GenerateDocsCommand.php(58): L5Swagger\\Console\\GenerateDocsCommand->generateDocumentation()
#11 /application/vendor/laravel/framework/src/Illuminate/Container/BoundMethod.php(36): L5Swagger\\Console\\GenerateDocsCommand->handle()
#12 /application/vendor/laravel/framework/src/Illuminate/Container/Util.php(40): Illuminate\\Container\\BoundMethod::Illuminate\\Container\\{closure}()
#13 /application/vendor/laravel/framework/src/Illuminate/Container/BoundMethod.php(93): Illuminate\\Container\\Util::unwrapIfClosure()
#14 /application/vendor/laravel/framework/src/Illuminate/Container/BoundMethod.php(37): Illuminate\\Container\\BoundMethod::callBoundMethod()
#15 /application/vendor/laravel/framework/src/Illuminate/Container/Container.php(653): Illuminate\\Container\\BoundMethod::call()
#16 /application/vendor/laravel/framework/src/Illuminate/Console/Command.php(136): Illuminate\\Container\\Container->call()
#17 /application/vendor/symfony/console/Command/Command.php(298): Illuminate\\Console\\Command->execute()
#18 /application/vendor/laravel/framework/src/Illuminate/Console/Command.php(121): Symfony\\Component\\Console\\Command\\Command->run()
#19 /application/vendor/symfony/console/Application.php(1015): Illuminate\\Console\\Command->run()
#20 /application/vendor/symfony/console/Application.php(299): Symfony\\Component\\Console\\Application->doRunCommand()
#21 /application/vendor/symfony/console/Application.php(171): Symfony\\Component\\Console\\Application->doRun()
#22 /application/vendor/laravel/framework/src/Illuminate/Console/Application.php(94): Symfony\\Component\\Console\\Application->run()
#23 /application/vendor/laravel/framework/src/Illuminate/Foundation/Console/Kernel.php(129): Illuminate\\Console\\Application->run()
#24 /application/artisan(37): Illuminate\\Foundation\\Console\\Kernel->handle()
#25 {main}
"} 
[2022-04-04 12:46:48] local.ERROR: Required @OA\PathItem() not found {"exception":"[object] (ErrorException(code: 0): Required @OA\\PathItem() not found at /application/vendor/zircote/swagger-php/src/Loggers/DefaultLogger.php:31)
[stacktrace]
#0 [internal function]: Illuminate\\Foundation\\Bootstrap\\HandleExceptions->handleError()
#1 /application/vendor/zircote/swagger-php/src/Loggers/DefaultLogger.php(31): trigger_error()
#2 /application/vendor/psr/log/Psr/Log/AbstractLogger.php(85): OpenApi\\Loggers\\DefaultLogger->log()
#3 /application/vendor/zircote/swagger-php/src/Annotations/AbstractAnnotation.php(467): Psr\\Log\\AbstractLogger->warning()
#4 /application/vendor/zircote/swagger-php/src/Annotations/OpenApi.php(148): OpenApi\\Annotations\\AbstractAnnotation->validate()
#5 /application/vendor/zircote/swagger-php/src/Analysis.php(438): OpenApi\\Annotations\\OpenApi->validate()
#6 /application/vendor/zircote/swagger-php/src/Generator.php(353): OpenApi\\Analysis->validate()
#7 /application/vendor/darkaonline/l5-swagger/src/Generator.php(189): OpenApi\\Generator->generate()
#8 /application/vendor/darkaonline/l5-swagger/src/Generator.php(130): L5Swagger\\Generator->scanFilesForDocumentation()
#9 /application/vendor/darkaonline/l5-swagger/src/Console/GenerateDocsCommand.php(72): L5Swagger\\Generator->generateDocs()
#10 /application/vendor/darkaonline/l5-swagger/src/Console/GenerateDocsCommand.php(58): L5Swagger\\Console\\GenerateDocsCommand->generateDocumentation()
#11 /application/vendor/laravel/framework/src/Illuminate/Container/BoundMethod.php(36): L5Swagger\\Console\\GenerateDocsCommand->handle()
#12 /application/vendor/laravel/framework/src/Illuminate/Container/Util.php(40): Illuminate\\Container\\BoundMethod::Illuminate\\Container\\{closure}()
#13 /application/vendor/laravel/framework/src/Illuminate/Container/BoundMethod.php(93): Illuminate\\Container\\Util::unwrapIfClosure()
#14 /application/vendor/laravel/framework/src/Illuminate/Container/BoundMethod.php(37): Illuminate\\Container\\BoundMethod::callBoundMethod()
#15 /application/vendor/laravel/framework/src/Illuminate/Container/Container.php(653): Illuminate\\Container\\BoundMethod::call()
#16 /application/vendor/laravel/framework/src/Illuminate/Console/Command.php(136): Illuminate\\Container\\Container->call()
#17 /application/vendor/symfony/console/Command/Command.php(298): Illuminate\\Console\\Command->execute()
#18 /application/vendor/laravel/framework/src/Illuminate/Console/Command.php(121): Symfony\\Component\\Console\\Command\\Command->run()
#19 /application/vendor/symfony/console/Application.php(1015): Illuminate\\Console\\Command->run()
#20 /application/vendor/symfony/console/Application.php(299): Symfony\\Component\\Console\\Application->doRunCommand()
#21 /application/vendor/symfony/console/Application.php(171): Symfony\\Component\\Console\\Application->doRun()
#22 /application/vendor/laravel/framework/src/Illuminate/Console/Application.php(94): Symfony\\Component\\Console\\Application->run()
#23 /application/vendor/laravel/framework/src/Illuminate/Foundation/Console/Kernel.php(129): Illuminate\\Console\\Application->run()
#24 /application/artisan(37): Illuminate\\Foundation\\Console\\Kernel->handle()
#25 {main}
"} 
[2022-04-04 12:47:57] local.ERROR: Required @OA\Info() not found {"exception":"[object] (ErrorException(code: 0): Required @OA\\Info() not found at /application/vendor/zircote/swagger-php/src/Loggers/DefaultLogger.php:31)
[stacktrace]
#0 [internal function]: Illuminate\\Foundation\\Bootstrap\\HandleExceptions->handleError()
#1 /application/vendor/zircote/swagger-php/src/Loggers/DefaultLogger.php(31): trigger_error()
#2 /application/vendor/psr/log/Psr/Log/AbstractLogger.php(85): OpenApi\\Loggers\\DefaultLogger->log()
#3 /application/vendor/zircote/swagger-php/src/Annotations/AbstractAnnotation.php(467): Psr\\Log\\AbstractLogger->warning()
#4 /application/vendor/zircote/swagger-php/src/Annotations/OpenApi.php(148): OpenApi\\Annotations\\AbstractAnnotation->validate()
#5 /application/vendor/zircote/swagger-php/src/Analysis.php(438): OpenApi\\Annotations\\OpenApi->validate()
#6 /application/vendor/zircote/swagger-php/src/Generator.php(353): OpenApi\\Analysis->validate()
#7 /application/vendor/darkaonline/l5-swagger/src/Generator.php(189): OpenApi\\Generator->generate()
#8 /application/vendor/darkaonline/l5-swagger/src/Generator.php(130): L5Swagger\\Generator->scanFilesForDocumentation()
#9 /application/vendor/darkaonline/l5-swagger/src/Console/GenerateDocsCommand.php(72): L5Swagger\\Generator->generateDocs()
#10 /application/vendor/darkaonline/l5-swagger/src/Console/GenerateDocsCommand.php(58): L5Swagger\\Console\\GenerateDocsCommand->generateDocumentation()
#11 /application/vendor/laravel/framework/src/Illuminate/Container/BoundMethod.php(36): L5Swagger\\Console\\GenerateDocsCommand->handle()
#12 /application/vendor/laravel/framework/src/Illuminate/Container/Util.php(40): Illuminate\\Container\\BoundMethod::Illuminate\\Container\\{closure}()
#13 /application/vendor/laravel/framework/src/Illuminate/Container/BoundMethod.php(93): Illuminate\\Container\\Util::unwrapIfClosure()
#14 /application/vendor/laravel/framework/src/Illuminate/Container/BoundMethod.php(37): Illuminate\\Container\\BoundMethod::callBoundMethod()
#15 /application/vendor/laravel/framework/src/Illuminate/Container/Container.php(653): Illuminate\\Container\\BoundMethod::call()
#16 /application/vendor/laravel/framework/src/Illuminate/Console/Command.php(136): Illuminate\\Container\\Container->call()
#17 /application/vendor/symfony/console/Command/Command.php(298): Illuminate\\Console\\Command->execute()
#18 /application/vendor/laravel/framework/src/Illuminate/Console/Command.php(121): Symfony\\Component\\Console\\Command\\Command->run()
#19 /application/vendor/symfony/console/Application.php(1015): Illuminate\\Console\\Command->run()
#20 /application/vendor/symfony/console/Application.php(299): Symfony\\Component\\Console\\Application->doRunCommand()
#21 /application/vendor/symfony/console/Application.php(171): Symfony\\Component\\Console\\Application->doRun()
#22 /application/vendor/laravel/framework/src/Illuminate/Console/Application.php(94): Symfony\\Component\\Console\\Application->run()
#23 /application/vendor/laravel/framework/src/Illuminate/Foundation/Console/Kernel.php(129): Illuminate\\Console\\Application->run()
#24 /application/artisan(37): Illuminate\\Foundation\\Console\\Kernel->handle()
#25 {main}
"} 
[2022-04-04 12:49:01] local.ERROR: Required @OA\Info() not found {"exception":"[object] (ErrorException(code: 0): Required @OA\\Info() not found at /application/vendor/zircote/swagger-php/src/Loggers/DefaultLogger.php:31)
[stacktrace]
#0 [internal function]: Illuminate\\Foundation\\Bootstrap\\HandleExceptions->handleError()
#1 /application/vendor/zircote/swagger-php/src/Loggers/DefaultLogger.php(31): trigger_error()
#2 /application/vendor/psr/log/Psr/Log/AbstractLogger.php(85): OpenApi\\Loggers\\DefaultLogger->log()
#3 /application/vendor/zircote/swagger-php/src/Annotations/AbstractAnnotation.php(467): Psr\\Log\\AbstractLogger->warning()
#4 /application/vendor/zircote/swagger-php/src/Annotations/OpenApi.php(148): OpenApi\\Annotations\\AbstractAnnotation->validate()
#5 /application/vendor/zircote/swagger-php/src/Analysis.php(438): OpenApi\\Annotations\\OpenApi->validate()
#6 /application/vendor/zircote/swagger-php/src/Generator.php(353): OpenApi\\Analysis->validate()
#7 /application/vendor/darkaonline/l5-swagger/src/Generator.php(189): OpenApi\\Generator->generate()
#8 /application/vendor/darkaonline/l5-swagger/src/Generator.php(130): L5Swagger\\Generator->scanFilesForDocumentation()
#9 /application/vendor/darkaonline/l5-swagger/src/Console/GenerateDocsCommand.php(72): L5Swagger\\Generator->generateDocs()
#10 /application/vendor/darkaonline/l5-swagger/src/Console/GenerateDocsCommand.php(58): L5Swagger\\Console\\GenerateDocsCommand->generateDocumentation()
#11 /application/vendor/laravel/framework/src/Illuminate/Container/BoundMethod.php(36): L5Swagger\\Console\\GenerateDocsCommand->handle()
#12 /application/vendor/laravel/framework/src/Illuminate/Container/Util.php(40): Illuminate\\Container\\BoundMethod::Illuminate\\Container\\{closure}()
#13 /application/vendor/laravel/framework/src/Illuminate/Container/BoundMethod.php(93): Illuminate\\Container\\Util::unwrapIfClosure()
#14 /application/vendor/laravel/framework/src/Illuminate/Container/BoundMethod.php(37): Illuminate\\Container\\BoundMethod::callBoundMethod()
#15 /application/vendor/laravel/framework/src/Illuminate/Container/Container.php(653): Illuminate\\Container\\BoundMethod::call()
#16 /application/vendor/laravel/framework/src/Illuminate/Console/Command.php(136): Illuminate\\Container\\Container->call()
#17 /application/vendor/symfony/console/Command/Command.php(298): Illuminate\\Console\\Command->execute()
#18 /application/vendor/laravel/framework/src/Illuminate/Console/Command.php(121): Symfony\\Component\\Console\\Command\\Command->run()
#19 /application/vendor/symfony/console/Application.php(1015): Illuminate\\Console\\Command->run()
#20 /application/vendor/symfony/console/Application.php(299): Symfony\\Component\\Console\\Application->doRunCommand()
#21 /application/vendor/symfony/console/Application.php(171): Symfony\\Component\\Console\\Application->doRun()
#22 /application/vendor/laravel/framework/src/Illuminate/Console/Application.php(94): Symfony\\Component\\Console\\Application->run()
#23 /application/vendor/laravel/framework/src/Illuminate/Foundation/Console/Kernel.php(129): Illuminate\\Console\\Application->run()
#24 /application/artisan(37): Illuminate\\Foundation\\Console\\Kernel->handle()
#25 {main}
"} 
[2022-04-04 12:49:18] local.ERROR: Required @OA\Info() not found {"exception":"[object] (ErrorException(code: 0): Required @OA\\Info() not found at /application/vendor/zircote/swagger-php/src/Loggers/DefaultLogger.php:31)
[stacktrace]
#0 [internal function]: Illuminate\\Foundation\\Bootstrap\\HandleExceptions->handleError()
#1 /application/vendor/zircote/swagger-php/src/Loggers/DefaultLogger.php(31): trigger_error()
#2 /application/vendor/psr/log/Psr/Log/AbstractLogger.php(85): OpenApi\\Loggers\\DefaultLogger->log()
#3 /application/vendor/zircote/swagger-php/src/Annotations/AbstractAnnotation.php(467): Psr\\Log\\AbstractLogger->warning()
#4 /application/vendor/zircote/swagger-php/src/Annotations/OpenApi.php(148): OpenApi\\Annotations\\AbstractAnnotation->validate()
#5 /application/vendor/zircote/swagger-php/src/Analysis.php(438): OpenApi\\Annotations\\OpenApi->validate()
#6 /application/vendor/zircote/swagger-php/src/Generator.php(353): OpenApi\\Analysis->validate()
#7 /application/vendor/darkaonline/l5-swagger/src/Generator.php(189): OpenApi\\Generator->generate()
#8 /application/vendor/darkaonline/l5-swagger/src/Generator.php(130): L5Swagger\\Generator->scanFilesForDocumentation()
#9 /application/vendor/darkaonline/l5-swagger/src/Console/GenerateDocsCommand.php(72): L5Swagger\\Generator->generateDocs()
#10 /application/vendor/darkaonline/l5-swagger/src/Console/GenerateDocsCommand.php(58): L5Swagger\\Console\\GenerateDocsCommand->generateDocumentation()
#11 /application/vendor/laravel/framework/src/Illuminate/Container/BoundMethod.php(36): L5Swagger\\Console\\GenerateDocsCommand->handle()
#12 /application/vendor/laravel/framework/src/Illuminate/Container/Util.php(40): Illuminate\\Container\\BoundMethod::Illuminate\\Container\\{closure}()
#13 /application/vendor/laravel/framework/src/Illuminate/Container/BoundMethod.php(93): Illuminate\\Container\\Util::unwrapIfClosure()
#14 /application/vendor/laravel/framework/src/Illuminate/Container/BoundMethod.php(37): Illuminate\\Container\\BoundMethod::callBoundMethod()
#15 /application/vendor/laravel/framework/src/Illuminate/Container/Container.php(653): Illuminate\\Container\\BoundMethod::call()
#16 /application/vendor/laravel/framework/src/Illuminate/Console/Command.php(136): Illuminate\\Container\\Container->call()
#17 /application/vendor/symfony/console/Command/Command.php(298): Illuminate\\Console\\Command->execute()
#18 /application/vendor/laravel/framework/src/Illuminate/Console/Command.php(121): Symfony\\Component\\Console\\Command\\Command->run()
#19 /application/vendor/symfony/console/Application.php(1015): Illuminate\\Console\\Command->run()
#20 /application/vendor/symfony/console/Application.php(299): Symfony\\Component\\Console\\Application->doRunCommand()
#21 /application/vendor/symfony/console/Application.php(171): Symfony\\Component\\Console\\Application->doRun()
#22 /application/vendor/laravel/framework/src/Illuminate/Console/Application.php(94): Symfony\\Component\\Console\\Application->run()
#23 /application/vendor/laravel/framework/src/Illuminate/Foundation/Console/Kernel.php(129): Illuminate\\Console\\Application->run()
#24 /application/artisan(37): Illuminate\\Foundation\\Console\\Kernel->handle()
#25 {main}
"} 
[2022-04-04 12:49:48] local.ERROR: Required @OA\Info() not found {"exception":"[object] (ErrorException(code: 0): Required @OA\\Info() not found at /application/vendor/zircote/swagger-php/src/Loggers/DefaultLogger.php:31)
[stacktrace]
#0 [internal function]: Illuminate\\Foundation\\Bootstrap\\HandleExceptions->handleError()
#1 /application/vendor/zircote/swagger-php/src/Loggers/DefaultLogger.php(31): trigger_error()
#2 /application/vendor/psr/log/Psr/Log/AbstractLogger.php(85): OpenApi\\Loggers\\DefaultLogger->log()
#3 /application/vendor/zircote/swagger-php/src/Annotations/AbstractAnnotation.php(467): Psr\\Log\\AbstractLogger->warning()
#4 /application/vendor/zircote/swagger-php/src/Annotations/OpenApi.php(148): OpenApi\\Annotations\\AbstractAnnotation->validate()
#5 /application/vendor/zircote/swagger-php/src/Analysis.php(438): OpenApi\\Annotations\\OpenApi->validate()
#6 /application/vendor/zircote/swagger-php/src/Generator.php(353): OpenApi\\Analysis->validate()
#7 /application/vendor/darkaonline/l5-swagger/src/Generator.php(189): OpenApi\\Generator->generate()
#8 /application/vendor/darkaonline/l5-swagger/src/Generator.php(130): L5Swagger\\Generator->scanFilesForDocumentation()
#9 /application/vendor/darkaonline/l5-swagger/src/Console/GenerateDocsCommand.php(72): L5Swagger\\Generator->generateDocs()
#10 /application/vendor/darkaonline/l5-swagger/src/Console/GenerateDocsCommand.php(58): L5Swagger\\Console\\GenerateDocsCommand->generateDocumentation()
#11 /application/vendor/laravel/framework/src/Illuminate/Container/BoundMethod.php(36): L5Swagger\\Console\\GenerateDocsCommand->handle()
#12 /application/vendor/laravel/framework/src/Illuminate/Container/Util.php(40): Illuminate\\Container\\BoundMethod::Illuminate\\Container\\{closure}()
#13 /application/vendor/laravel/framework/src/Illuminate/Container/BoundMethod.php(93): Illuminate\\Container\\Util::unwrapIfClosure()
#14 /application/vendor/laravel/framework/src/Illuminate/Container/BoundMethod.php(37): Illuminate\\Container\\BoundMethod::callBoundMethod()
#15 /application/vendor/laravel/framework/src/Illuminate/Container/Container.php(653): Illuminate\\Container\\BoundMethod::call()
#16 /application/vendor/laravel/framework/src/Illuminate/Console/Command.php(136): Illuminate\\Container\\Container->call()
#17 /application/vendor/symfony/console/Command/Command.php(298): Illuminate\\Console\\Command->execute()
#18 /application/vendor/laravel/framework/src/Illuminate/Console/Command.php(121): Symfony\\Component\\Console\\Command\\Command->run()
#19 /application/vendor/symfony/console/Application.php(1015): Illuminate\\Console\\Command->run()
#20 /application/vendor/symfony/console/Application.php(299): Symfony\\Component\\Console\\Application->doRunCommand()
#21 /application/vendor/symfony/console/Application.php(171): Symfony\\Component\\Console\\Application->doRun()
#22 /application/vendor/laravel/framework/src/Illuminate/Console/Application.php(94): Symfony\\Component\\Console\\Application->run()
#23 /application/vendor/laravel/framework/src/Illuminate/Foundation/Console/Kernel.php(129): Illuminate\\Console\\Application->run()
#24 /application/artisan(37): Illuminate\\Foundation\\Console\\Kernel->handle()
#25 {main}
"} 
[2022-04-04 12:50:31] local.ERROR: Required @OA\Info() not found {"exception":"[object] (ErrorException(code: 0): Required @OA\\Info() not found at /application/vendor/zircote/swagger-php/src/Loggers/DefaultLogger.php:31)
[stacktrace]
#0 [internal function]: Illuminate\\Foundation\\Bootstrap\\HandleExceptions->handleError()
#1 /application/vendor/zircote/swagger-php/src/Loggers/DefaultLogger.php(31): trigger_error()
#2 /application/vendor/psr/log/Psr/Log/AbstractLogger.php(85): OpenApi\\Loggers\\DefaultLogger->log()
#3 /application/vendor/zircote/swagger-php/src/Annotations/AbstractAnnotation.php(467): Psr\\Log\\AbstractLogger->warning()
#4 /application/vendor/zircote/swagger-php/src/Annotations/OpenApi.php(148): OpenApi\\Annotations\\AbstractAnnotation->validate()
#5 /application/vendor/zircote/swagger-php/src/Analysis.php(438): OpenApi\\Annotations\\OpenApi->validate()
#6 /application/vendor/zircote/swagger-php/src/Generator.php(353): OpenApi\\Analysis->validate()
#7 /application/vendor/darkaonline/l5-swagger/src/Generator.php(189): OpenApi\\Generator->generate()
#8 /application/vendor/darkaonline/l5-swagger/src/Generator.php(130): L5Swagger\\Generator->scanFilesForDocumentation()
#9 /application/vendor/darkaonline/l5-swagger/src/Console/GenerateDocsCommand.php(72): L5Swagger\\Generator->generateDocs()
#10 /application/vendor/darkaonline/l5-swagger/src/Console/GenerateDocsCommand.php(58): L5Swagger\\Console\\GenerateDocsCommand->generateDocumentation()
#11 /application/vendor/laravel/framework/src/Illuminate/Container/BoundMethod.php(36): L5Swagger\\Console\\GenerateDocsCommand->handle()
#12 /application/vendor/laravel/framework/src/Illuminate/Container/Util.php(40): Illuminate\\Container\\BoundMethod::Illuminate\\Container\\{closure}()
#13 /application/vendor/laravel/framework/src/Illuminate/Container/BoundMethod.php(93): Illuminate\\Container\\Util::unwrapIfClosure()
#14 /application/vendor/laravel/framework/src/Illuminate/Container/BoundMethod.php(37): Illuminate\\Container\\BoundMethod::callBoundMethod()
#15 /application/vendor/laravel/framework/src/Illuminate/Container/Container.php(653): Illuminate\\Container\\BoundMethod::call()
#16 /application/vendor/laravel/framework/src/Illuminate/Console/Command.php(136): Illuminate\\Container\\Container->call()
#17 /application/vendor/symfony/console/Command/Command.php(298): Illuminate\\Console\\Command->execute()
#18 /application/vendor/laravel/framework/src/Illuminate/Console/Command.php(121): Symfony\\Component\\Console\\Command\\Command->run()
#19 /application/vendor/symfony/console/Application.php(1015): Illuminate\\Console\\Command->run()
#20 /application/vendor/symfony/console/Application.php(299): Symfony\\Component\\Console\\Application->doRunCommand()
#21 /application/vendor/symfony/console/Application.php(171): Symfony\\Component\\Console\\Application->doRun()
#22 /application/vendor/laravel/framework/src/Illuminate/Console/Application.php(94): Symfony\\Component\\Console\\Application->run()
#23 /application/vendor/laravel/framework/src/Illuminate/Foundation/Console/Kernel.php(129): Illuminate\\Console\\Application->run()
#24 /application/artisan(37): Illuminate\\Foundation\\Console\\Kernel->handle()
#25 {main}
"} 
[2022-04-04 12:51:15] local.ERROR: Required @OA\Info() not found {"exception":"[object] (ErrorException(code: 0): Required @OA\\Info() not found at /application/vendor/zircote/swagger-php/src/Loggers/DefaultLogger.php:31)
[stacktrace]
#0 [internal function]: Illuminate\\Foundation\\Bootstrap\\HandleExceptions->handleError()
#1 /application/vendor/zircote/swagger-php/src/Loggers/DefaultLogger.php(31): trigger_error()
#2 /application/vendor/psr/log/Psr/Log/AbstractLogger.php(85): OpenApi\\Loggers\\DefaultLogger->log()
#3 /application/vendor/zircote/swagger-php/src/Annotations/AbstractAnnotation.php(467): Psr\\Log\\AbstractLogger->warning()
#4 /application/vendor/zircote/swagger-php/src/Annotations/OpenApi.php(148): OpenApi\\Annotations\\AbstractAnnotation->validate()
#5 /application/vendor/zircote/swagger-php/src/Analysis.php(438): OpenApi\\Annotations\\OpenApi->validate()
#6 /application/vendor/zircote/swagger-php/src/Generator.php(353): OpenApi\\Analysis->validate()
#7 /application/vendor/darkaonline/l5-swagger/src/Generator.php(189): OpenApi\\Generator->generate()
#8 /application/vendor/darkaonline/l5-swagger/src/Generator.php(130): L5Swagger\\Generator->scanFilesForDocumentation()
#9 /application/vendor/darkaonline/l5-swagger/src/Console/GenerateDocsCommand.php(72): L5Swagger\\Generator->generateDocs()
#10 /application/vendor/darkaonline/l5-swagger/src/Console/GenerateDocsCommand.php(58): L5Swagger\\Console\\GenerateDocsCommand->generateDocumentation()
#11 /application/vendor/laravel/framework/src/Illuminate/Container/BoundMethod.php(36): L5Swagger\\Console\\GenerateDocsCommand->handle()
#12 /application/vendor/laravel/framework/src/Illuminate/Container/Util.php(40): Illuminate\\Container\\BoundMethod::Illuminate\\Container\\{closure}()
#13 /application/vendor/laravel/framework/src/Illuminate/Container/BoundMethod.php(93): Illuminate\\Container\\Util::unwrapIfClosure()
#14 /application/vendor/laravel/framework/src/Illuminate/Container/BoundMethod.php(37): Illuminate\\Container\\BoundMethod::callBoundMethod()
#15 /application/vendor/laravel/framework/src/Illuminate/Container/Container.php(653): Illuminate\\Container\\BoundMethod::call()
#16 /application/vendor/laravel/framework/src/Illuminate/Console/Command.php(136): Illuminate\\Container\\Container->call()
#17 /application/vendor/symfony/console/Command/Command.php(298): Illuminate\\Console\\Command->execute()
#18 /application/vendor/laravel/framework/src/Illuminate/Console/Command.php(121): Symfony\\Component\\Console\\Command\\Command->run()
#19 /application/vendor/symfony/console/Application.php(1015): Illuminate\\Console\\Command->run()
#20 /application/vendor/symfony/console/Application.php(299): Symfony\\Component\\Console\\Application->doRunCommand()
#21 /application/vendor/symfony/console/Application.php(171): Symfony\\Component\\Console\\Application->doRun()
#22 /application/vendor/laravel/framework/src/Illuminate/Console/Application.php(94): Symfony\\Component\\Console\\Application->run()
#23 /application/vendor/laravel/framework/src/Illuminate/Foundation/Console/Kernel.php(129): Illuminate\\Console\\Application->run()
#24 /application/artisan(37): Illuminate\\Foundation\\Console\\Kernel->handle()
#25 {main}
"} 
[2022-04-04 12:51:26] local.ERROR: Required @OA\PathItem() not found {"exception":"[object] (ErrorException(code: 0): Required @OA\\PathItem() not found at /application/vendor/zircote/swagger-php/src/Loggers/DefaultLogger.php:31)
[stacktrace]
#0 [internal function]: Illuminate\\Foundation\\Bootstrap\\HandleExceptions->handleError()
#1 /application/vendor/zircote/swagger-php/src/Loggers/DefaultLogger.php(31): trigger_error()
#2 /application/vendor/psr/log/Psr/Log/AbstractLogger.php(85): OpenApi\\Loggers\\DefaultLogger->log()
#3 /application/vendor/zircote/swagger-php/src/Annotations/AbstractAnnotation.php(467): Psr\\Log\\AbstractLogger->warning()
#4 /application/vendor/zircote/swagger-php/src/Annotations/OpenApi.php(148): OpenApi\\Annotations\\AbstractAnnotation->validate()
#5 /application/vendor/zircote/swagger-php/src/Analysis.php(438): OpenApi\\Annotations\\OpenApi->validate()
#6 /application/vendor/zircote/swagger-php/src/Generator.php(353): OpenApi\\Analysis->validate()
#7 /application/vendor/darkaonline/l5-swagger/src/Generator.php(189): OpenApi\\Generator->generate()
#8 /application/vendor/darkaonline/l5-swagger/src/Generator.php(130): L5Swagger\\Generator->scanFilesForDocumentation()
#9 /application/vendor/darkaonline/l5-swagger/src/Console/GenerateDocsCommand.php(72): L5Swagger\\Generator->generateDocs()
#10 /application/vendor/darkaonline/l5-swagger/src/Console/GenerateDocsCommand.php(58): L5Swagger\\Console\\GenerateDocsCommand->generateDocumentation()
#11 /application/vendor/laravel/framework/src/Illuminate/Container/BoundMethod.php(36): L5Swagger\\Console\\GenerateDocsCommand->handle()
#12 /application/vendor/laravel/framework/src/Illuminate/Container/Util.php(40): Illuminate\\Container\\BoundMethod::Illuminate\\Container\\{closure}()
#13 /application/vendor/laravel/framework/src/Illuminate/Container/BoundMethod.php(93): Illuminate\\Container\\Util::unwrapIfClosure()
#14 /application/vendor/laravel/framework/src/Illuminate/Container/BoundMethod.php(37): Illuminate\\Container\\BoundMethod::callBoundMethod()
#15 /application/vendor/laravel/framework/src/Illuminate/Container/Container.php(653): Illuminate\\Container\\BoundMethod::call()
#16 /application/vendor/laravel/framework/src/Illuminate/Console/Command.php(136): Illuminate\\Container\\Container->call()
#17 /application/vendor/symfony/console/Command/Command.php(298): Illuminate\\Console\\Command->execute()
#18 /application/vendor/laravel/framework/src/Illuminate/Console/Command.php(121): Symfony\\Component\\Console\\Command\\Command->run()
#19 /application/vendor/symfony/console/Application.php(1015): Illuminate\\Console\\Command->run()
#20 /application/vendor/symfony/console/Application.php(299): Symfony\\Component\\Console\\Application->doRunCommand()
#21 /application/vendor/symfony/console/Application.php(171): Symfony\\Component\\Console\\Application->doRun()
#22 /application/vendor/laravel/framework/src/Illuminate/Console/Application.php(94): Symfony\\Component\\Console\\Application->run()
#23 /application/vendor/laravel/framework/src/Illuminate/Foundation/Console/Kernel.php(129): Illuminate\\Console\\Application->run()
#24 /application/artisan(37): Illuminate\\Foundation\\Console\\Kernel->handle()
#25 {main}
"} 
[2022-04-04 12:51:55] local.ERROR: Unexpected field "type" for @OA\Parameter(name="first_string"), expecting "x", "ref", "parameter", "name", "in", "description", "required", "deprecated", "allowEmptyValue", "style", "explode", "allowReserved", "schema", "example", "examples", "content", "matrix", "label", "form", "simple", "spaceDelimited", "pipeDelimited", "deepObject" in \App\Http\Controllers\HammingController->distance() in /application/app/Http/Controllers/HammingController.php on line 31 {"exception":"[object] (ErrorException(code: 0): Unexpected field \"type\" for @OA\\Parameter(name=\"first_string\"), expecting \"x\", \"ref\", \"parameter\", \"name\", \"in\", \"description\", \"required\", \"deprecated\", \"allowEmptyValue\", \"style\", \"explode\", \"allowReserved\", \"schema\", \"example\", \"examples\", \"content\", \"matrix\", \"label\", \"form\", \"simple\", \"spaceDelimited\", \"pipeDelimited\", \"deepObject\" in \\App\\Http\\Controllers\\HammingController->distance() in /application/app/Http/Controllers/HammingController.php on line 31 at /application/vendor/zircote/swagger-php/src/Loggers/DefaultLogger.php:31)
[stacktrace]
#0 [internal function]: Illuminate\\Foundation\\Bootstrap\\HandleExceptions->handleError()
#1 /application/vendor/zircote/swagger-php/src/Loggers/DefaultLogger.php(31): trigger_error()
#2 /application/vendor/psr/log/Psr/Log/AbstractLogger.php(69): OpenApi\\Loggers\\DefaultLogger->log()
#3 /application/vendor/zircote/swagger-php/src/Analysers/DocBlockParser.php(65): Psr\\Log\\AbstractLogger->error()
#4 /application/vendor/zircote/swagger-php/src/Analysers/DocBlockAnnotationFactory.php(48): OpenApi\\Analysers\\DocBlockParser->fromComment()
#5 /application/vendor/zircote/swagger-php/src/Analysers/ReflectionAnalyser.php(128): OpenApi\\Analysers\\DocBlockAnnotationFactory->build()
#6 /application/vendor/zircote/swagger-php/src/Analysers/ReflectionAnalyser.php(53): OpenApi\\Analysers\\ReflectionAnalyser->analyzeFqdn()
#7 /application/vendor/zircote/swagger-php/src/Generator.php(378): OpenApi\\Analysers\\ReflectionAnalyser->fromFile()
#8 /application/vendor/zircote/swagger-php/src/Generator.php(342): OpenApi\\Generator->scanSources()
#9 /application/vendor/darkaonline/l5-swagger/src/Generator.php(189): OpenApi\\Generator->generate()
#10 /application/vendor/darkaonline/l5-swagger/src/Generator.php(130): L5Swagger\\Generator->scanFilesForDocumentation()
#11 /application/vendor/darkaonline/l5-swagger/src/Console/GenerateDocsCommand.php(72): L5Swagger\\Generator->generateDocs()
#12 /application/vendor/darkaonline/l5-swagger/src/Console/GenerateDocsCommand.php(58): L5Swagger\\Console\\GenerateDocsCommand->generateDocumentation()
#13 /application/vendor/laravel/framework/src/Illuminate/Container/BoundMethod.php(36): L5Swagger\\Console\\GenerateDocsCommand->handle()
#14 /application/vendor/laravel/framework/src/Illuminate/Container/Util.php(40): Illuminate\\Container\\BoundMethod::Illuminate\\Container\\{closure}()
#15 /application/vendor/laravel/framework/src/Illuminate/Container/BoundMethod.php(93): Illuminate\\Container\\Util::unwrapIfClosure()
#16 /application/vendor/laravel/framework/src/Illuminate/Container/BoundMethod.php(37): Illuminate\\Container\\BoundMethod::callBoundMethod()
#17 /application/vendor/laravel/framework/src/Illuminate/Container/Container.php(653): Illuminate\\Container\\BoundMethod::call()
#18 /application/vendor/laravel/framework/src/Illuminate/Console/Command.php(136): Illuminate\\Container\\Container->call()
#19 /application/vendor/symfony/console/Command/Command.php(298): Illuminate\\Console\\Command->execute()
#20 /application/vendor/laravel/framework/src/Illuminate/Console/Command.php(121): Symfony\\Component\\Console\\Command\\Command->run()
#21 /application/vendor/symfony/console/Application.php(1015): Illuminate\\Console\\Command->run()
#22 /application/vendor/symfony/console/Application.php(299): Symfony\\Component\\Console\\Application->doRunCommand()
#23 /application/vendor/symfony/console/Application.php(171): Symfony\\Component\\Console\\Application->doRun()
#24 /application/vendor/laravel/framework/src/Illuminate/Console/Application.php(94): Symfony\\Component\\Console\\Application->run()
#25 /application/vendor/laravel/framework/src/Illuminate/Foundation/Console/Kernel.php(129): Illuminate\\Console\\Application->run()
#26 /application/artisan(37): Illuminate\\Foundation\\Console\\Kernel->handle()
#27 {main}
"} 
[2022-04-04 12:53:53] local.ERROR: @OA\Post() requires at least one @OA\Response() in \App\Http\Controllers\HammingController->distance() in /application/app/Http/Controllers/HammingController.php on line 29 {"exception":"[object] (ErrorException(code: 0): @OA\\Post() requires at least one @OA\\Response() in \\App\\Http\\Controllers\\HammingController->distance() in /application/app/Http/Controllers/HammingController.php on line 29 at /application/vendor/zircote/swagger-php/src/Loggers/DefaultLogger.php:31)
[stacktrace]
#0 [internal function]: Illuminate\\Foundation\\Bootstrap\\HandleExceptions->handleError()
#1 /application/vendor/zircote/swagger-php/src/Loggers/DefaultLogger.php(31): trigger_error()
#2 /application/vendor/psr/log/Psr/Log/AbstractLogger.php(85): OpenApi\\Loggers\\DefaultLogger->log()
#3 /application/vendor/zircote/swagger-php/src/Annotations/AbstractAnnotation.php(467): Psr\\Log\\AbstractLogger->warning()
#4 /application/vendor/zircote/swagger-php/src/Annotations/Operation.php(222): OpenApi\\Annotations\\AbstractAnnotation->validate()
#5 /application/vendor/zircote/swagger-php/src/Annotations/AbstractAnnotation.php(520): OpenApi\\Annotations\\Operation->validate()
#6 /application/vendor/zircote/swagger-php/src/Annotations/AbstractAnnotation.php(493): OpenApi\\Annotations\\AbstractAnnotation::_validate()
#7 /application/vendor/zircote/swagger-php/src/Annotations/AbstractAnnotation.php(520): OpenApi\\Annotations\\AbstractAnnotation->validate()
#8 /application/vendor/zircote/swagger-php/src/Annotations/AbstractAnnotation.php(526): OpenApi\\Annotations\\AbstractAnnotation::_validate()
#9 /application/vendor/zircote/swagger-php/src/Annotations/AbstractAnnotation.php(493): OpenApi\\Annotations\\AbstractAnnotation::_validate()
#10 /application/vendor/zircote/swagger-php/src/Annotations/OpenApi.php(148): OpenApi\\Annotations\\AbstractAnnotation->validate()
#11 /application/vendor/zircote/swagger-php/src/Analysis.php(438): OpenApi\\Annotations\\OpenApi->validate()
#12 /application/vendor/zircote/swagger-php/src/Generator.php(353): OpenApi\\Analysis->validate()
#13 /application/vendor/darkaonline/l5-swagger/src/Generator.php(189): OpenApi\\Generator->generate()
#14 /application/vendor/darkaonline/l5-swagger/src/Generator.php(130): L5Swagger\\Generator->scanFilesForDocumentation()
#15 /application/vendor/darkaonline/l5-swagger/src/Console/GenerateDocsCommand.php(72): L5Swagger\\Generator->generateDocs()
#16 /application/vendor/darkaonline/l5-swagger/src/Console/GenerateDocsCommand.php(58): L5Swagger\\Console\\GenerateDocsCommand->generateDocumentation()
#17 /application/vendor/laravel/framework/src/Illuminate/Container/BoundMethod.php(36): L5Swagger\\Console\\GenerateDocsCommand->handle()
#18 /application/vendor/laravel/framework/src/Illuminate/Container/Util.php(40): Illuminate\\Container\\BoundMethod::Illuminate\\Container\\{closure}()
#19 /application/vendor/laravel/framework/src/Illuminate/Container/BoundMethod.php(93): Illuminate\\Container\\Util::unwrapIfClosure()
#20 /application/vendor/laravel/framework/src/Illuminate/Container/BoundMethod.php(37): Illuminate\\Container\\BoundMethod::callBoundMethod()
#21 /application/vendor/laravel/framework/src/Illuminate/Container/Container.php(653): Illuminate\\Container\\BoundMethod::call()
#22 /application/vendor/laravel/framework/src/Illuminate/Console/Command.php(136): Illuminate\\Container\\Container->call()
#23 /application/vendor/symfony/console/Command/Command.php(298): Illuminate\\Console\\Command->execute()
#24 /application/vendor/laravel/framework/src/Illuminate/Console/Command.php(121): Symfony\\Component\\Console\\Command\\Command->run()
#25 /application/vendor/symfony/console/Application.php(1015): Illuminate\\Console\\Command->run()
#26 /application/vendor/symfony/console/Application.php(299): Symfony\\Component\\Console\\Application->doRunCommand()
#27 /application/vendor/symfony/console/Application.php(171): Symfony\\Component\\Console\\Application->doRun()
#28 /application/vendor/laravel/framework/src/Illuminate/Console/Application.php(94): Symfony\\Component\\Console\\Application->run()
#29 /application/vendor/laravel/framework/src/Illuminate/Foundation/Console/Kernel.php(129): Illuminate\\Console\\Application->run()
#30 /application/artisan(37): Illuminate\\Foundation\\Console\\Kernel->handle()
#31 {main}
"} 
[2022-04-04 12:55:23] local.ERROR: Missing required field "in" for @OA\Parameter(name="first_string") in \App\Http\Controllers\HammingController->distance() in /application/app/Http/Controllers/HammingController.php on line 33 {"exception":"[object] (ErrorException(code: 0): Missing required field \"in\" for @OA\\Parameter(name=\"first_string\") in \\App\\Http\\Controllers\\HammingController->distance() in /application/app/Http/Controllers/HammingController.php on line 33 at /application/vendor/zircote/swagger-php/src/Loggers/DefaultLogger.php:31)
[stacktrace]
#0 [internal function]: Illuminate\\Foundation\\Bootstrap\\HandleExceptions->handleError()
#1 /application/vendor/zircote/swagger-php/src/Loggers/DefaultLogger.php(31): trigger_error()
#2 /application/vendor/psr/log/Psr/Log/AbstractLogger.php(85): OpenApi\\Loggers\\DefaultLogger->log()
#3 /application/vendor/zircote/swagger-php/src/Annotations/AbstractAnnotation.php(467): Psr\\Log\\AbstractLogger->warning()
#4 /application/vendor/zircote/swagger-php/src/Annotations/Parameter.php(268): OpenApi\\Annotations\\AbstractAnnotation->validate()
#5 /application/vendor/zircote/swagger-php/src/Annotations/AbstractAnnotation.php(520): OpenApi\\Annotations\\Parameter->validate()
#6 /application/vendor/zircote/swagger-php/src/Annotations/AbstractAnnotation.php(526): OpenApi\\Annotations\\AbstractAnnotation::_validate()
#7 /application/vendor/zircote/swagger-php/src/Annotations/AbstractAnnotation.php(493): OpenApi\\Annotations\\AbstractAnnotation::_validate()
#8 /application/vendor/zircote/swagger-php/src/Annotations/Operation.php(222): OpenApi\\Annotations\\AbstractAnnotation->validate()
#9 /application/vendor/zircote/swagger-php/src/Annotations/AbstractAnnotation.php(520): OpenApi\\Annotations\\Operation->validate()
#10 /application/vendor/zircote/swagger-php/src/Annotations/AbstractAnnotation.php(493): OpenApi\\Annotations\\AbstractAnnotation::_validate()
#11 /application/vendor/zircote/swagger-php/src/Annotations/AbstractAnnotation.php(520): OpenApi\\Annotations\\AbstractAnnotation->validate()
#12 /application/vendor/zircote/swagger-php/src/Annotations/AbstractAnnotation.php(526): OpenApi\\Annotations\\AbstractAnnotation::_validate()
#13 /application/vendor/zircote/swagger-php/src/Annotations/AbstractAnnotation.php(493): OpenApi\\Annotations\\AbstractAnnotation::_validate()
#14 /application/vendor/zircote/swagger-php/src/Annotations/OpenApi.php(148): OpenApi\\Annotations\\AbstractAnnotation->validate()
#15 /application/vendor/zircote/swagger-php/src/Analysis.php(438): OpenApi\\Annotations\\OpenApi->validate()
#16 /application/vendor/zircote/swagger-php/src/Generator.php(353): OpenApi\\Analysis->validate()
#17 /application/vendor/darkaonline/l5-swagger/src/Generator.php(189): OpenApi\\Generator->generate()
#18 /application/vendor/darkaonline/l5-swagger/src/Generator.php(130): L5Swagger\\Generator->scanFilesForDocumentation()
#19 /application/vendor/darkaonline/l5-swagger/src/Console/GenerateDocsCommand.php(72): L5Swagger\\Generator->generateDocs()
#20 /application/vendor/darkaonline/l5-swagger/src/Console/GenerateDocsCommand.php(58): L5Swagger\\Console\\GenerateDocsCommand->generateDocumentation()
#21 /application/vendor/laravel/framework/src/Illuminate/Container/BoundMethod.php(36): L5Swagger\\Console\\GenerateDocsCommand->handle()
#22 /application/vendor/laravel/framework/src/Illuminate/Container/Util.php(40): Illuminate\\Container\\BoundMethod::Illuminate\\Container\\{closure}()
#23 /application/vendor/laravel/framework/src/Illuminate/Container/BoundMethod.php(93): Illuminate\\Container\\Util::unwrapIfClosure()
#24 /application/vendor/laravel/framework/src/Illuminate/Container/BoundMethod.php(37): Illuminate\\Container\\BoundMethod::callBoundMethod()
#25 /application/vendor/laravel/framework/src/Illuminate/Container/Container.php(653): Illuminate\\Container\\BoundMethod::call()
#26 /application/vendor/laravel/framework/src/Illuminate/Console/Command.php(136): Illuminate\\Container\\Container->call()
#27 /application/vendor/symfony/console/Command/Command.php(298): Illuminate\\Console\\Command->execute()
#28 /application/vendor/laravel/framework/src/Illuminate/Console/Command.php(121): Symfony\\Component\\Console\\Command\\Command->run()
#29 /application/vendor/symfony/console/Application.php(1015): Illuminate\\Console\\Command->run()
#30 /application/vendor/symfony/console/Application.php(299): Symfony\\Component\\Console\\Application->doRunCommand()
#31 /application/vendor/symfony/console/Application.php(171): Symfony\\Component\\Console\\Application->doRun()
#32 /application/vendor/laravel/framework/src/Illuminate/Console/Application.php(94): Symfony\\Component\\Console\\Application->run()
#33 /application/vendor/laravel/framework/src/Illuminate/Foundation/Console/Kernel.php(129): Illuminate\\Console\\Application->run()
#34 /application/artisan(37): Illuminate\\Foundation\\Console\\Kernel->handle()
#35 {main}
"} 
[2022-04-04 12:56:43] local.ERROR: Missing required field "in" for @OA\Parameter(name="second_string") in \App\Http\Controllers\HammingController->distance() in /application/app/Http/Controllers/HammingController.php on line 34 {"exception":"[object] (ErrorException(code: 0): Missing required field \"in\" for @OA\\Parameter(name=\"second_string\") in \\App\\Http\\Controllers\\HammingController->distance() in /application/app/Http/Controllers/HammingController.php on line 34 at /application/vendor/zircote/swagger-php/src/Loggers/DefaultLogger.php:31)
[stacktrace]
#0 [internal function]: Illuminate\\Foundation\\Bootstrap\\HandleExceptions->handleError()
#1 /application/vendor/zircote/swagger-php/src/Loggers/DefaultLogger.php(31): trigger_error()
#2 /application/vendor/psr/log/Psr/Log/AbstractLogger.php(85): OpenApi\\Loggers\\DefaultLogger->log()
#3 /application/vendor/zircote/swagger-php/src/Annotations/AbstractAnnotation.php(467): Psr\\Log\\AbstractLogger->warning()
#4 /application/vendor/zircote/swagger-php/src/Annotations/Parameter.php(268): OpenApi\\Annotations\\AbstractAnnotation->validate()
#5 /application/vendor/zircote/swagger-php/src/Annotations/AbstractAnnotation.php(520): OpenApi\\Annotations\\Parameter->validate()
#6 /application/vendor/zircote/swagger-php/src/Annotations/AbstractAnnotation.php(526): OpenApi\\Annotations\\AbstractAnnotation::_validate()
#7 /application/vendor/zircote/swagger-php/src/Annotations/AbstractAnnotation.php(493): OpenApi\\Annotations\\AbstractAnnotation::_validate()
#8 /application/vendor/zircote/swagger-php/src/Annotations/Operation.php(222): OpenApi\\Annotations\\AbstractAnnotation->validate()
#9 /application/vendor/zircote/swagger-php/src/Annotations/AbstractAnnotation.php(520): OpenApi\\Annotations\\Operation->validate()
#10 /application/vendor/zircote/swagger-php/src/Annotations/AbstractAnnotation.php(493): OpenApi\\Annotations\\AbstractAnnotation::_validate()
#11 /application/vendor/zircote/swagger-php/src/Annotations/AbstractAnnotation.php(520): OpenApi\\Annotations\\AbstractAnnotation->validate()
#12 /application/vendor/zircote/swagger-php/src/Annotations/AbstractAnnotation.php(526): OpenApi\\Annotations\\AbstractAnnotation::_validate()
#13 /application/vendor/zircote/swagger-php/src/Annotations/AbstractAnnotation.php(493): OpenApi\\Annotations\\AbstractAnnotation::_validate()
#14 /application/vendor/zircote/swagger-php/src/Annotations/OpenApi.php(148): OpenApi\\Annotations\\AbstractAnnotation->validate()
#15 /application/vendor/zircote/swagger-php/src/Analysis.php(438): OpenApi\\Annotations\\OpenApi->validate()
#16 /application/vendor/zircote/swagger-php/src/Generator.php(353): OpenApi\\Analysis->validate()
#17 /application/vendor/darkaonline/l5-swagger/src/Generator.php(189): OpenApi\\Generator->generate()
#18 /application/vendor/darkaonline/l5-swagger/src/Generator.php(130): L5Swagger\\Generator->scanFilesForDocumentation()
#19 /application/vendor/darkaonline/l5-swagger/src/Console/GenerateDocsCommand.php(72): L5Swagger\\Generator->generateDocs()
#20 /application/vendor/darkaonline/l5-swagger/src/Console/GenerateDocsCommand.php(58): L5Swagger\\Console\\GenerateDocsCommand->generateDocumentation()
#21 /application/vendor/laravel/framework/src/Illuminate/Container/BoundMethod.php(36): L5Swagger\\Console\\GenerateDocsCommand->handle()
#22 /application/vendor/laravel/framework/src/Illuminate/Container/Util.php(40): Illuminate\\Container\\BoundMethod::Illuminate\\Container\\{closure}()
#23 /application/vendor/laravel/framework/src/Illuminate/Container/BoundMethod.php(93): Illuminate\\Container\\Util::unwrapIfClosure()
#24 /application/vendor/laravel/framework/src/Illuminate/Container/BoundMethod.php(37): Illuminate\\Container\\BoundMethod::callBoundMethod()
#25 /application/vendor/laravel/framework/src/Illuminate/Container/Container.php(653): Illuminate\\Container\\BoundMethod::call()
#26 /application/vendor/laravel/framework/src/Illuminate/Console/Command.php(136): Illuminate\\Container\\Container->call()
#27 /application/vendor/symfony/console/Command/Command.php(298): Illuminate\\Console\\Command->execute()
#28 /application/vendor/laravel/framework/src/Illuminate/Console/Command.php(121): Symfony\\Component\\Console\\Command\\Command->run()
#29 /application/vendor/symfony/console/Application.php(1015): Illuminate\\Console\\Command->run()
#30 /application/vendor/symfony/console/Application.php(299): Symfony\\Component\\Console\\Application->doRunCommand()
#31 /application/vendor/symfony/console/Application.php(171): Symfony\\Component\\Console\\Application->doRun()
#32 /application/vendor/laravel/framework/src/Illuminate/Console/Application.php(94): Symfony\\Component\\Console\\Application->run()
#33 /application/vendor/laravel/framework/src/Illuminate/Foundation/Console/Kernel.php(129): Illuminate\\Console\\Application->run()
#34 /application/artisan(37): Illuminate\\Foundation\\Console\\Kernel->handle()
#35 {main}
"} 
